<?xml version="1.0" encoding="UTF-8"?>
<!-- Generated by org.testng.reporters.JUnitXMLReporter -->
<testsuite hostname="P12-T165934" ignored="2" name="Test" tests="4" failures="0" timestamp="2021-09-22T14:26:03 IST" time="0.117" errors="0">
  <testcase name="createContactwithOrgTest" time="0.015" classname="com.comcast.createContactTest.CreateContactTest"/>
  <testcase name="deleteContactTest" time="0.002" classname="com.comcast.createContactTest.CreateContactTest"/>
  <testcase name="editTest" time="0.002" classname="com.comcast.orgTest.EditContactTest"/>
  <testcase name="saveChangeTest" time="0.003" classname="com.comcast.orgTest.EditContactTest"/>
  <testcase name="createContactTest" time="0.0" classname="com.comcast.createContactTest.CreateContactTest">
    <ignored/>
  </testcase> <!-- createContactTest -->
  <testcase name="clickAndEditTest" time="0.0" classname="com.comcast.orgTest.EditContactTest">
    <ignored/>
  </testcase> <!-- clickAndEditTest -->
</testsuite> <!-- Test -->
